c:\users\junwo\desktop\jjengine\jjengine\jjengine\libs\glfw\bin\glfw\glfw.pdb
c:\users\junwo\desktop\jjengine\jjengine\jjengine\libs\glfw\bin\glfw\glfw.idb
c:\users\junwo\desktop\jjengine\jjengine\jjengine\libs\glfw\bin-int\glfw\win64\debug\win32_window.obj
c:\users\junwo\desktop\jjengine\jjengine\jjengine\libs\glfw\bin-int\glfw\win64\debug\win32_time.obj
c:\users\junwo\desktop\jjengine\jjengine\jjengine\libs\glfw\bin-int\glfw\win64\debug\win32_thread.obj
c:\users\junwo\desktop\jjengine\jjengine\jjengine\libs\glfw\bin-int\glfw\win64\debug\win32_monitor.obj
c:\users\junwo\desktop\jjengine\jjengine\jjengine\libs\glfw\bin-int\glfw\win64\debug\win32_module.obj
c:\users\junwo\desktop\jjengine\jjengine\jjengine\libs\glfw\bin-int\glfw\win64\debug\win32_joystick.obj
c:\users\junwo\desktop\jjengine\jjengine\jjengine\libs\glfw\bin-int\glfw\win64\debug\win32_init.obj
c:\users\junwo\desktop\jjengine\jjengine\jjengine\libs\glfw\bin-int\glfw\win64\debug\wgl_context.obj
c:\users\junwo\desktop\jjengine\jjengine\jjengine\libs\glfw\bin-int\glfw\win64\debug\vulkan.obj
c:\users\junwo\desktop\jjengine\jjengine\jjengine\libs\glfw\bin-int\glfw\win64\debug\platform.obj
c:\users\junwo\desktop\jjengine\jjengine\jjengine\libs\glfw\bin-int\glfw\win64\debug\osmesa_context.obj
c:\users\junwo\desktop\jjengine\jjengine\jjengine\libs\glfw\bin-int\glfw\win64\debug\null_window.obj
c:\users\junwo\desktop\jjengine\jjengine\jjengine\libs\glfw\bin-int\glfw\win64\debug\null_monitor.obj
c:\users\junwo\desktop\jjengine\jjengine\jjengine\libs\glfw\bin-int\glfw\win64\debug\null_joystick.obj
c:\users\junwo\desktop\jjengine\jjengine\jjengine\libs\glfw\bin-int\glfw\win64\debug\null_init.obj
c:\users\junwo\desktop\jjengine\jjengine\jjengine\libs\glfw\bin-int\glfw\win64\debug\monitor.obj
c:\users\junwo\desktop\jjengine\jjengine\jjengine\libs\glfw\bin-int\glfw\win64\debug\input.obj
c:\users\junwo\desktop\jjengine\jjengine\jjengine\libs\glfw\bin-int\glfw\win64\debug\init.obj
c:\users\junwo\desktop\jjengine\jjengine\jjengine\libs\glfw\bin-int\glfw\win64\debug\egl_context.obj
c:\users\junwo\desktop\jjengine\jjengine\jjengine\libs\glfw\bin-int\glfw\win64\debug\context.obj
c:\users\junwo\desktop\jjengine\jjengine\jjengine\libs\glfw\bin-int\glfw\win64\debug\window.obj
c:\users\junwo\desktop\jjengine\jjengine\jjengine\libs\glfw\bin\glfw\glfw.lib
c:\users\junwo\desktop\jjengine\jjengine\jjengine\libs\glfw\bin-int\glfw\win64\debug\glfw.tlog\cl.command.1.tlog
c:\users\junwo\desktop\jjengine\jjengine\jjengine\libs\glfw\bin-int\glfw\win64\debug\glfw.tlog\cl.read.1.tlog
c:\users\junwo\desktop\jjengine\jjengine\jjengine\libs\glfw\bin-int\glfw\win64\debug\glfw.tlog\cl.write.1.tlog
c:\users\junwo\desktop\jjengine\jjengine\jjengine\libs\glfw\bin-int\glfw\win64\debug\glfw.tlog\lib-link.read.1.tlog
c:\users\junwo\desktop\jjengine\jjengine\jjengine\libs\glfw\bin-int\glfw\win64\debug\glfw.tlog\lib-link.write.1.tlog
c:\users\junwo\desktop\jjengine\jjengine\jjengine\libs\glfw\bin-int\glfw\win64\debug\glfw.tlog\lib.command.1.tlog
